04:54:35 **** Incremental Build of configuration Debug for project cpu ****
make all 
Building target: cpu
Invoking: GCC C Linker
gcc  -o "cpu"  ./cpu.o   
./cpu.o: En la función `llamarArchivo':
/home/utnso/git/tp-2017-1c-Zero-Gravity/cpu/Debug/../../librerias/controlArchivosDeConfiguracion.h:20: referencia a `config_create' sin definir
./cpu.o: En la función `busquedaClaveNumerica':
/home/utnso/git/tp-2017-1c-Zero-Gravity/cpu/Debug/../../librerias/controlArchivosDeConfiguracion.h:25: referencia a `config_has_property' sin definir
/home/utnso/git/tp-2017-1c-Zero-Gravity/cpu/Debug/../../librerias/controlArchivosDeConfiguracion.h:26: referencia a `config_get_int_value' sin definir
./cpu.o: En la función `busquedaClaveAlfanumerica':
/home/utnso/git/tp-2017-1c-Zero-Gravity/cpu/Debug/../../librerias/controlArchivosDeConfiguracion.h:34: referencia a `config_has_property' sin definir
/home/utnso/git/tp-2017-1c-Zero-Gravity/cpu/Debug/../../librerias/controlArchivosDeConfiguracion.h:35: referencia a `config_get_string_value' sin definir
collect2: error: ld returned 1 exit status
make: *** [cpu] Error 1

04:54:35 Build Finished (took 120ms)

